── Attaching packages ─────────────────────────────────────── tidyverse 1.3.1 ──
✔ ggplot2 3.3.3     ✔ purrr   0.3.4
✔ tibble  3.1.1     ✔ dplyr   1.0.5
✔ tidyr   1.1.3     ✔ stringr 1.4.0
✔ readr   1.4.0     ✔ forcats 0.5.1
── Conflicts ────────────────────────────────────────── tidyverse_conflicts() ──
✖ dplyr::filter() masks stats::filter()
✖ dplyr::lag()    masks stats::lag()
slurmstepd: error: *** JOB 10592174 ON sumner090 CANCELLED AT 2021-09-13T14:32:38 ***
-------------------------------------------------------------
SUMNER/WINTER EPILOGUE
-------------------------------------------------------------
Job ID: 10592174
Cluster: slurm_cluster
User/Group: root/jaxuser
State: CANCELLED (exit code 0)
Cores: 1
CPU Utilized: 00:05:36
CPU Efficiency: 21.65% of 00:25:52 core-walltime
Job Wall-clock time: 00:25:52
Memory Utilized: 1.19 GB
Memory Efficiency: 118.91% of 1.00 GB
-------------------------------------------------------------
       JobID  User   State    CPUTime Exit     MaxRSS        NodeList  Partition                   ReqTRES              Submit               Start                 End    Elapsed 
------------ ----- ------- ---------- ---- ---------- --------------- ---------- ------------------------- ------------------- ------------------- ------------------- ---------- 
10592174     varnf CANCEL+   00:25:52  0:0                  sumner090    compute billing=1,cpu=1,mem=1024+ 2021-09-13T14:06:24 2021-09-13T14:06:46 2021-09-13T14:32:38   00:25:52 
10592174.ba+       CANCEL+   00:25:52 0:15   1217.64M       sumner090                                      2021-09-13T14:06:46 2021-09-13T14:06:46 2021-09-13T14:32:38   00:25:52 
10592174.ex+       COMPLE+   00:25:52  0:0      1.58M       sumner090                                      2021-09-13T14:06:46 2021-09-13T14:06:46 2021-09-13T14:32:38   00:25:52 
-------------------------------------------------------------
